This is pdfTeX, Version 3.141592653-2.6-1.40.27 (MiKTeX 25.4) (preloaded format=latex 2025.9.21)  21 SEP 2025 18:14
entering extended mode
 restricted \write18 enabled.
 %&-line parsing enabled.
**Thesis.tex
(C:\Users\Asus\Documents\tese\tese_final\tese-template-final\main\Thesis.tex
LaTeX2e <2025-06-01> patch level 1
L3 programming layer <2025-08-13>
(C:\Program Files\MiKTeX\tex/latex/base\report.cls
Document Class: report 2025/01/22 v1.4n Standard LaTeX document class
(C:\Program Files\MiKTeX\tex/latex/base\size12.clo
File: size12.clo 2025/01/22 v1.4n Standard LaTeX file (size option)
)
\c@part=\count275
\c@chapter=\count276
\c@section=\count277
\c@subsection=\count278
\c@subsubsection=\count279
\c@paragraph=\count280
\c@subparagraph=\count281
\c@figure=\count282
\c@table=\count283
\abovecaptionskip=\skip49
\belowcaptionskip=\skip50
\bibindent=\dimen148
)

! LaTeX Error: File `Preamble/Thesis_Preamble.tex' not found.

Type X to quit or <RETURN> to proceed,
or enter new name. (Default extension: tex)

Enter file name: 
! Emergency stop.
<read *> 
         
l.68 \input{Preamble/Thesis_Preamble}
                                      % file "Thesis_Preamble.tex"^^M
End of file on the terminal!

 
Here is how much of TeX's memory you used:
 263 strings out of 468133
 3252 string characters out of 5440787
 427298 words of memory out of 5000000
 28972 multiletter control sequences out of 15000+600000
 627123 words of font info for 41 fonts, out of 8000000 for 9000
 1141 hyphenation exceptions out of 8191
 35i,0n,38p,156b,36s stack positions out of 10000i,1000n,20000p,200000b,200000s
No pages of output.
