This is pdfTeX, Version 3.141592653-2.6-1.40.28 (TeX Live 2025) (preloaded format=pdflatex 2025.9.4)  8 SEP 2025 14:11
entering extended mode
 restricted \write18 enabled.
 %&-line parsing enabled.
**Thesis
(./Thesis.tex
LaTeX2e <2025-06-01> patch level 1
L3 programming layer <2025-08-13>
(/home/carlos/texlive/2025/texmf-dist/tex/latex/base/report.cls
Document Class: report 2025/01/22 v1.4n Standard LaTeX document class
(/home/carlos/texlive/2025/texmf-dist/tex/latex/base/size12.clo
File: size12.clo 2025/01/22 v1.4n Standard LaTeX file (size option)
)
\c@part=\count275
\c@chapter=\count276
\c@section=\count277
\c@subsection=\count278
\c@subsubsection=\count279
\c@paragraph=\count280
\c@subparagraph=\count281
\c@figure=\count282
\c@table=\count283
\abovecaptionskip=\skip49
\belowcaptionskip=\skip50
\bibindent=\dimen148
)
(./Preamble/Thesis_Preamble.tex
(/home/carlos/texlive/2025/texmf-dist/tex/latex/base/inputenc.sty
Package: inputenc 2024/02/08 v1.3d Input encoding file
\inpenc@prehook=\toks17
\inpenc@posthook=\toks18
)
(/home/carlos/texlive/2025/texmf-dist/tex/generic/babel/babel.sty
Package: babel 2025/08/03 v25.12 The multilingual framework for LuaLaTeX, pdfLa
TeX and XeLaTeX
\babel@savecnt=\count284
LaTeX Encoding Info:    Redeclaring text command \ij (encoding OT1) on input li
ne 2045.
LaTeX Encoding Info:    Redeclaring text command \IJ (encoding OT1) on input li
ne 2047.
LaTeX Encoding Info:    Redeclaring text command \ij (encoding T1) on input lin
e 2049.
LaTeX Encoding Info:    Redeclaring text command \IJ (encoding T1) on input lin
e 2050.
LaTeX Encoding Info:    Ignoring declaration for text command \ij (encoding ?) 
on input line 2051.
LaTeX Encoding Info:    Ignoring declaration for text command \IJ (encoding ?) 
on input line 2053.
LaTeX Encoding Info:    Ignoring declaration for text command \SS (encoding ?) 
on input line 2078.
\U@D=\dimen149
\l@unhyphenated=\language90

(/home/carlos/texlive/2025/texmf-dist/tex/generic/babel/txtbabel.def)
\bbl@readstream=\read2
\bbl@dirlevel=\count285

(/home/carlos/texlive/2025/texmf-dist/tex/generic/babel-english/english.ldf
Language: english 2017/06/06 v3.3r English support from the babel system

(/home/carlos/texlive/2025/texmf-dist/tex/generic/babel/locale/en/babel-english
.tex
Package babel Info: Importing font and identification data for english
(babel)             from babel-en.ini. Reported on input line 12.
)
Package babel Info: Hyphen rules for 'canadian' set to \l@english
(babel)             (\language0). Reported on input line 102.
Package babel Info: Hyphen rules for 'australian' set to \l@ukenglish
(babel)             (\language22). Reported on input line 105.
Package babel Info: Hyphen rules for 'newzealand' set to \l@ukenglish
(babel)             (\language22). Reported on input line 108.
)) (/home/carlos/texlive/2025/texmf-dist/tex/latex/geometry/geometry.sty
Package: geometry 2020/01/02 v5.9 Page Geometry

(/home/carlos/texlive/2025/texmf-dist/tex/latex/graphics/keyval.sty
Package: keyval 2022/05/29 v1.15 key=value parser (DPC)
\KV@toks@=\toks19
)
(/home/carlos/texlive/2025/texmf-dist/tex/generic/iftex/ifvtex.sty
Package: ifvtex 2019/10/25 v1.7 ifvtex legacy package. Use iftex instead.

(/home/carlos/texlive/2025/texmf-dist/tex/generic/iftex/iftex.sty
Package: iftex 2024/12/12 v1.0g TeX engine tests
))
\Gm@cnth=\count286
\Gm@cntv=\count287
\c@Gm@tempcnt=\count288
\Gm@bindingoffset=\dimen150
\Gm@wd@mp=\dimen151
\Gm@odd@mp=\dimen152
\Gm@even@mp=\dimen153
\Gm@layoutwidth=\dimen154
\Gm@layoutheight=\dimen155
\Gm@layouthoffset=\dimen156
\Gm@layoutvoffset=\dimen157
\Gm@dimlist=\toks20
)
(/home/carlos/texlive/2025/texmf-dist/tex/latex/setspace/setspace.sty
Package: setspace 2022/12/04 v6.7b set line spacing
)
(/home/carlos/texlive/2025/texmf-dist/tex/latex/graphics/graphicx.sty
Package: graphicx 2024/12/31 v1.2e Enhanced LaTeX Graphics (DPC,SPQR)

(/home/carlos/texlive/2025/texmf-dist/tex/latex/graphics/graphics.sty
Package: graphics 2024/08/06 v1.4g Standard LaTeX Graphics (DPC,SPQR)

(/home/carlos/texlive/2025/texmf-dist/tex/latex/graphics/trig.sty
Package: trig 2023/12/02 v1.11 sin cos tan (DPC)
)
(/home/carlos/texlive/2025/texmf-dist/tex/latex/graphics-cfg/graphics.cfg
File: graphics.cfg 2016/06/04 v1.11 sample graphics configuration
)
Package graphics Info: Driver file: pdftex.def on input line 106.

(/home/carlos/texlive/2025/texmf-dist/tex/latex/graphics-def/pdftex.def
File: pdftex.def 2024/04/13 v1.2c Graphics/color driver for pdftex
))
\Gin@req@height=\dimen158
\Gin@req@width=\dimen159
)
(/home/carlos/texlive/2025/texmf-dist/tex/latex/amsmath/amsmath.sty
Package: amsmath 2025/06/16 v2.17y AMS math features
\@mathmargin=\skip51

For additional information on amsmath, use the `?' option.
(/home/carlos/texlive/2025/texmf-dist/tex/latex/amsmath/amstext.sty
Package: amstext 2024/11/17 v2.01 AMS text

(/home/carlos/texlive/2025/texmf-dist/tex/latex/amsmath/amsgen.sty
File: amsgen.sty 1999/11/30 v2.0 generic functions
\@emptytoks=\toks21
\ex@=\dimen160
))
(/home/carlos/texlive/2025/texmf-dist/tex/latex/amsmath/amsbsy.sty
Package: amsbsy 1999/11/29 v1.2d Bold Symbols
\pmbraise@=\dimen161
)
(/home/carlos/texlive/2025/texmf-dist/tex/latex/amsmath/amsopn.sty
Package: amsopn 2022/04/08 v2.04 operator names
)
\inf@bad=\count289
LaTeX Info: Redefining \frac on input line 233.
\uproot@=\count290
\leftroot@=\count291
LaTeX Info: Redefining \overline on input line 398.
LaTeX Info: Redefining \colon on input line 409.
\classnum@=\count292
\DOTSCASE@=\count293
LaTeX Info: Redefining \ldots on input line 495.
LaTeX Info: Redefining \dots on input line 498.
LaTeX Info: Redefining \cdots on input line 619.
\Mathstrutbox@=\box53
\strutbox@=\box54
LaTeX Info: Redefining \big on input line 721.
LaTeX Info: Redefining \Big on input line 722.
LaTeX Info: Redefining \bigg on input line 723.
LaTeX Info: Redefining \Bigg on input line 724.
\big@size=\dimen162
LaTeX Font Info:    Redeclaring font encoding OML on input line 742.
LaTeX Font Info:    Redeclaring font encoding OMS on input line 743.
\macc@depth=\count294
LaTeX Info: Redefining \bmod on input line 904.
LaTeX Info: Redefining \pmod on input line 909.
LaTeX Info: Redefining \smash on input line 939.
LaTeX Info: Redefining \relbar on input line 969.
LaTeX Info: Redefining \Relbar on input line 970.
\c@MaxMatrixCols=\count295
\dotsspace@=\muskip17
\c@parentequation=\count296
\dspbrk@lvl=\count297
\tag@help=\toks22
\row@=\count298
\column@=\count299
\maxfields@=\count300
\andhelp@=\toks23
\eqnshift@=\dimen163
\alignsep@=\dimen164
\tagshift@=\dimen165
\tagwidth@=\dimen166
\totwidth@=\dimen167
\lineht@=\dimen168
\@envbody=\toks24
\multlinegap=\skip52
\multlinetaggap=\skip53
\mathdisplay@stack=\toks25
LaTeX Info: Redefining \[ on input line 2949.
LaTeX Info: Redefining \] on input line 2950.
)
(/home/carlos/texlive/2025/texmf-dist/tex/latex/amscls/amsthm.sty
Package: amsthm 2020/05/29 v2.20.6
\thm@style=\toks26
\thm@bodyfont=\toks27
\thm@headfont=\toks28
\thm@notefont=\toks29
\thm@headpunct=\toks30
\thm@preskip=\skip54
\thm@postskip=\skip55
\thm@headsep=\skip56
\dth@everypar=\toks31
)
(/home/carlos/texlive/2025/texmf-dist/tex/latex/amsfonts/amsfonts.sty
Package: amsfonts 2013/01/14 v3.01 Basic AMSFonts support
\symAMSa=\mathgroup4
\symAMSb=\mathgroup5
LaTeX Font Info:    Redeclaring math symbol \hbar on input line 98.
LaTeX Font Info:    Overwriting math alphabet `\mathfrak' in version `bold'
(Font)                  U/euf/m/n --> U/euf/b/n on input line 106.
)
(/home/carlos/texlive/2025/texmf-dist/tex/latex/subfigure/subfigure.sty
Package: subfigure 2002/03/15 v2.1.5 subfigure package
\subfigtopskip=\skip57
\subfigcapskip=\skip58
\subfigcaptopadj=\dimen169
\subfigbottomskip=\skip59
\subfigcapmargin=\dimen170
\subfiglabelskip=\skip60
\c@subfigure=\count301
\c@lofdepth=\count302
\c@subtable=\count303
\c@lotdepth=\count304

****************************************
* Local config file subfigure.cfg used *
****************************************
(/home/carlos/texlive/2025/texmf-dist/tex/latex/subfigure/subfigure.cfg)
\subfig@top=\skip61
\subfig@bottom=\skip62
)
(/home/carlos/texlive/2025/texmf-dist/tex/latex/subfigmat/subfigmat.sty
Package: subfigmat 1999/02/27 v1.0 Subfigure Matrix Package
\sfm@width=\skip63
\sfmcolsep=\skip64
\c@sfm@count=\count305
)
(/home/carlos/texlive/2025/texmf-dist/tex/latex/tools/dcolumn.sty
Package: dcolumn 2023/07/08 v1.06 decimal alignment package (DPC)

(/home/carlos/texlive/2025/texmf-dist/tex/latex/tools/array.sty
Package: array 2025/06/08 v2.6j Tabular extension package (FMi)
\col@sep=\dimen171
\ar@mcellbox=\box55
\extrarowheight=\dimen172
\NC@list=\toks32
\extratabsurround=\skip65
\backup@length=\skip66
\ar@cellbox=\box56
))
(/home/carlos/texlive/2025/texmf-dist/tex/latex/nomencl/nomencl.sty
Package: nomencl 2021/11/10 v5.6 Nomenclature package

(/home/carlos/texlive/2025/texmf-dist/tex/latex/xkeyval/xkeyval.sty
Package: xkeyval 2022/06/16 v2.9 package option processing (HA)

(/home/carlos/texlive/2025/texmf-dist/tex/generic/xkeyval/xkeyval.tex
(/home/carlos/texlive/2025/texmf-dist/tex/generic/xkeyval/xkvutils.tex
\XKV@toks=\toks33
\XKV@tempa@toks=\toks34
)
\XKV@depth=\count306
File: xkeyval.tex 2014/12/03 v2.7a key=value parser (HA)
))
(/home/carlos/texlive/2025/texmf-dist/tex/latex/base/ifthen.sty
Package: ifthen 2024/03/16 v1.1e Standard LaTeX ifthen package (DPC)
)
(/home/carlos/texlive/2025/texmf-dist/tex/latex/koma-script/tocbasic.sty
Package: tocbasic 2025/08/28 v3.47 KOMA-Script package (handling toc-files)

(/home/carlos/texlive/2025/texmf-dist/tex/latex/koma-script/scrbase.sty
Package: scrbase 2025/08/28 v3.47 KOMA-Script package (KOMA-Script-independent 
basics and keyval usage)

(/home/carlos/texlive/2025/texmf-dist/tex/latex/koma-script/scrlfile.sty
Package: scrlfile 2025/08/28 v3.47 KOMA-Script package (file load hooks)

(/home/carlos/texlive/2025/texmf-dist/tex/latex/koma-script/scrlfile-hook.sty
Package: scrlfile-hook 2025/08/28 v3.47 KOMA-Script package (using LaTeX hooks)


(/home/carlos/texlive/2025/texmf-dist/tex/latex/koma-script/scrlogo.sty
Package: scrlogo 2025/08/28 v3.47 KOMA-Script package (logo)
)))
Applying: [2021/05/01] Usage of raw or classic option list on input line 254.
Already applied: [0000/00/00] Usage of raw or classic option list on input line
 370.
)
\scr@dte@tocline@numberwidth=\skip67
\scr@dte@tocline@numbox=\box57
)
Package tocbasic Info: setting babel extension for `nlo' on input line 187.
Package tocbasic Info: setting babel extension for `nls' on input line 188.
\nomlabelwidth=\dimen173
\nom@tempdim=\dimen174
\nomitemsep=\skip68
)
\@nomenclaturefile=\write3
\openout3 = `Thesis.nlo'.

Package nomencl Info: Writing nomenclature file Thesis.nlo on input line 289.

(./glossary.sty
Package: glossary 2006/07/20 2.4 (NLCT)
\gls@cols=\count307

No configuration file glossary.cfg found
(/home/carlos/texlive/2025/texmf-dist/tex/latex/tools/longtable.sty
Package: longtable 2024-12-18 v4.23 Multi-page Table package (DPC)
\LTleft=\skip69
\LTright=\skip70
\LTpre=\skip71
\LTpost=\skip72
\LTchunksize=\count308
\LTcapwidth=\dimen175
\LT@head=\box58
\LT@firsthead=\box59
\LT@foot=\box60
\LT@lastfoot=\box61
\LT@gbox=\box62
\LT@cols=\count309
\LT@rows=\count310
\c@LT@tables=\count311
\c@LT@chunks=\count312
\LT@p@ftn=\toks35
)
\descriptionwidth=\skip73
\istfile=\write4
)
\@glossaryfile=\write5
\openout5 = `Thesis.glo'.


Writing glossary file Thesis.glo 
(/home/carlos/texlive/2025/texmf-dist/tex/latex/graphics/rotating.sty
Package: rotating 2025/01/14 v2.16e rotated objects in LaTeX
\c@r@tfl@t=\count313
\rotFPtop=\skip74
\rotFPbot=\skip75
\rot@float@box=\box63
\rot@mess@toks=\toks36
)
(/home/carlos/texlive/2025/texmf-dist/tex/latex/hyperref/hyperref.sty
Package: hyperref 2025-07-12 v7.01o Hypertext links for LaTeX

(/home/carlos/texlive/2025/texmf-dist/tex/latex/kvsetkeys/kvsetkeys.sty
Package: kvsetkeys 2022-10-05 v1.19 Key value parser (HO)
)
(/home/carlos/texlive/2025/texmf-dist/tex/generic/kvdefinekeys/kvdefinekeys.sty
Package: kvdefinekeys 2019-12-19 v1.6 Define keys (HO)
) (/home/carlos/texlive/2025/texmf-dist/tex/generic/pdfescape/pdfescape.sty
Package: pdfescape 2019/12/09 v1.15 Implements pdfTeX's escape features (HO)

(/home/carlos/texlive/2025/texmf-dist/tex/generic/ltxcmds/ltxcmds.sty
Package: ltxcmds 2023-12-04 v1.26 LaTeX kernel commands for general use (HO)
)
(/home/carlos/texlive/2025/texmf-dist/tex/generic/pdftexcmds/pdftexcmds.sty
Package: pdftexcmds 2020-06-27 v0.33 Utility functions of pdfTeX for LuaTeX (HO
)

(/home/carlos/texlive/2025/texmf-dist/tex/generic/infwarerr/infwarerr.sty
Package: infwarerr 2019/12/03 v1.5 Providing info/warning/error messages (HO)
)
Package pdftexcmds Info: \pdf@primitive is available.
Package pdftexcmds Info: \pdf@ifprimitive is available.
Package pdftexcmds Info: \pdfdraftmode found.
))
(/home/carlos/texlive/2025/texmf-dist/tex/latex/hycolor/hycolor.sty
Package: hycolor 2020-01-27 v1.10 Color options for hyperref/bookmark (HO)
)
(/home/carlos/texlive/2025/texmf-dist/tex/latex/hyperref/nameref.sty
Package: nameref 2025-06-21 v2.57 Cross-referencing by name of section

(/home/carlos/texlive/2025/texmf-dist/tex/latex/refcount/refcount.sty
Package: refcount 2019/12/15 v3.6 Data extraction from label references (HO)
)
(/home/carlos/texlive/2025/texmf-dist/tex/generic/gettitlestring/gettitlestring
.sty
Package: gettitlestring 2019/12/15 v1.6 Cleanup title references (HO)
 (/home/carlos/texlive/2025/texmf-dist/tex/latex/kvoptions/kvoptions.sty
Package: kvoptions 2022-06-15 v3.15 Key value format for package options (HO)
))
\c@section@level=\count314
) (/home/carlos/texlive/2025/texmf-dist/tex/latex/etoolbox/etoolbox.sty
Package: etoolbox 2025/02/11 v2.5l e-TeX tools for LaTeX (JAW)
\etb@tempcnta=\count315
)
(/home/carlos/texlive/2025/texmf-dist/tex/generic/stringenc/stringenc.sty
Package: stringenc 2019/11/29 v1.12 Convert strings between diff. encodings (HO
)
)
\@linkdim=\dimen176
\Hy@linkcounter=\count316
\Hy@pagecounter=\count317

(/home/carlos/texlive/2025/texmf-dist/tex/latex/hyperref/pd1enc.def
File: pd1enc.def 2025-07-12 v7.01o Hyperref: PDFDocEncoding definition (HO)
Now handling font encoding PD1 ...
... no UTF-8 mapping file for font encoding PD1
)
(/home/carlos/texlive/2025/texmf-dist/tex/generic/intcalc/intcalc.sty
Package: intcalc 2019/12/15 v1.3 Expandable calculations with integers (HO)
)
\Hy@SavedSpaceFactor=\count318

(/home/carlos/texlive/2025/texmf-dist/tex/latex/hyperref/puenc.def
File: puenc.def 2025-07-12 v7.01o Hyperref: PDF Unicode definition (HO)
Now handling font encoding PU ...
... no UTF-8 mapping file for font encoding PU
)
Package hyperref Info: Hyper figures OFF on input line 4195.
Package hyperref Info: Link nesting OFF on input line 4200.
Package hyperref Info: Hyper index ON on input line 4203.
Package hyperref Info: Plain pages OFF on input line 4210.
Package hyperref Info: Backreferencing OFF on input line 4215.
Package hyperref Info: Implicit mode ON; LaTeX internals redefined.
Package hyperref Info: Bookmarks ON on input line 4462.
\c@Hy@tempcnt=\count319

(/home/carlos/texlive/2025/texmf-dist/tex/latex/url/url.sty
\Urlmuskip=\muskip18
Package: url 2013/09/16  ver 3.4  Verb mode for urls, etc.
)
LaTeX Info: Redefining \url on input line 4801.
\XeTeXLinkMargin=\dimen177

(/home/carlos/texlive/2025/texmf-dist/tex/generic/bitset/bitset.sty
Package: bitset 2019/12/09 v1.3 Handle bit-vector datatype (HO)

(/home/carlos/texlive/2025/texmf-dist/tex/generic/bigintcalc/bigintcalc.sty
Package: bigintcalc 2019/12/15 v1.5 Expandable calculations on big integers (HO
)
))
\Fld@menulength=\count320
\Field@Width=\dimen178
\Fld@charsize=\dimen179
Package hyperref Info: Hyper figures OFF on input line 6078.
Package hyperref Info: Link nesting OFF on input line 6083.
Package hyperref Info: Hyper index ON on input line 6086.
Package hyperref Info: backreferencing OFF on input line 6093.
Package hyperref Info: Link coloring OFF on input line 6098.
Package hyperref Info: Link coloring with OCG OFF on input line 6103.
Package hyperref Info: PDF/A mode OFF on input line 6108.
\Hy@abspage=\count321
\c@Item=\count322
\c@Hfootnote=\count323
)
Package hyperref Info: Driver: hpdftex.

(/home/carlos/texlive/2025/texmf-dist/tex/latex/hyperref/hpdftex.def
File: hpdftex.def 2025-07-12 v7.01o Hyperref driver for pdfTeX
\Fld@listcount=\count324
\c@bookmark@seq@number=\count325

(/home/carlos/texlive/2025/texmf-dist/tex/latex/rerunfilecheck/rerunfilecheck.s
ty
Package: rerunfilecheck 2025-06-21 v1.11 Rerun checks for auxiliary files (HO)

(/home/carlos/texlive/2025/texmf-dist/tex/generic/uniquecounter/uniquecounter.s
ty
Package: uniquecounter 2019/12/15 v1.4 Provide unlimited unique counter (HO)
)
Package uniquecounter Info: New unique counter `rerunfilecheck' on input line 2
84.
)
\Hy@SectionHShift=\skip76
)
Package hyperref Info: Option `colorlinks' set `true' on input line 380.


Package hyperref Warning: Option `pagecolor' is not available anymore.


Package hyperref Warning: Option `bookmarks' has already been used,
(hyperref)                setting the option has no effect on input line 380.

Package hyperref Info: Option `bookmarksopen' set `false' on input line 380.
Package hyperref Info: Option `bookmarksnumbered' set `true' on input line 380.

Package hyperref Info: Option `pdfdisplaydoctitle' set `true' on input line 380
.
(/home/carlos/texlive/2025/texmf-dist/tex/latex/hypcap/hypcap.sty
Package: hypcap 2024-07-26 v1.13 Adjusting the anchors of captions (HO)

(/home/carlos/texlive/2025/texmf-dist/tex/latex/letltxmacro/letltxmacro.sty
Package: letltxmacro 2019/12/03 v1.6 Let assignment for LaTeX macros (HO)
))
(/home/carlos/texlive/2025/texmf-dist/tex/latex/natbib/natbib.sty
Package: natbib 2010/09/13 8.31b (PWD, AO)
\bibhang=\skip77
\bibsep=\skip78
LaTeX Info: Redefining \cite on input line 694.
\c@NAT@ctr=\count326
)
(/home/carlos/texlive/2025/texmf-dist/tex/latex/notoccite/notoccite.sty
Package: notoccite 2000/07/20
)
(/home/carlos/texlive/2025/texmf-dist/tex/latex/multirow/multirow.sty
Package: multirow 2024/11/12 v2.9 Span multiple rows of a table
\multirow@colwidth=\skip79
\multirow@cntb=\count327
\multirow@dima=\skip80
\bigstrutjot=\dimen180
)
(/home/carlos/texlive/2025/texmf-dist/tex/latex/booktabs/booktabs.sty
Package: booktabs 2020/01/12 v1.61803398 Publication quality tables
\heavyrulewidth=\dimen181
\lightrulewidth=\dimen182
\cmidrulewidth=\dimen183
\belowrulesep=\dimen184
\belowbottomsep=\dimen185
\aboverulesep=\dimen186
\abovetopsep=\dimen187
\cmidrulesep=\dimen188
\cmidrulekern=\dimen189
\defaultaddspace=\dimen190
\@cmidla=\count328
\@cmidlb=\count329
\@aboverulesep=\dimen191
\@belowrulesep=\dimen192
\@thisruleclass=\count330
\@lastruleclass=\count331
\@thisrulewidth=\dimen193
)
(/home/carlos/texlive/2025/texmf-dist/tex/latex/pdfpages/pdfpages.sty
Package: pdfpages 2025/07/23 v0.6g Insert pages of external PDF documents (AM)

(/home/carlos/texlive/2025/texmf-dist/tex/latex/tools/calc.sty
Package: calc 2025/03/01 v4.3b Infix arithmetic (KKT,FJ)
\calc@Acount=\count332
\calc@Bcount=\count333
\calc@Adimen=\dimen194
\calc@Bdimen=\dimen195
\calc@Askip=\skip81
\calc@Bskip=\skip82
LaTeX Info: Redefining \setlength on input line 86.
LaTeX Info: Redefining \addtolength on input line 87.
\calc@Ccount=\count334
\calc@Cskip=\skip83
)
(/home/carlos/texlive/2025/texmf-dist/tex/latex/eso-pic/eso-pic.sty
Package: eso-pic 2023/05/03 v3.0c eso-pic (RN)
\ESO@tempdima=\dimen196
\ESO@tempdimb=\dimen197

(/home/carlos/texlive/2025/texmf-dist/tex/latex/xcolor/xcolor.sty
Package: xcolor 2024/09/29 v3.02 LaTeX color extensions (UK)

(/home/carlos/texlive/2025/texmf-dist/tex/latex/graphics-cfg/color.cfg
File: color.cfg 2016/01/02 v1.6 sample color configuration
)
Package xcolor Info: Driver file: pdftex.def on input line 274.

(/home/carlos/texlive/2025/texmf-dist/tex/latex/graphics/mathcolor.ltx)
Package xcolor Info: Model `cmy' substituted by `cmy0' on input line 1349.
Package xcolor Info: Model `hsb' substituted by `rgb' on input line 1353.
Package xcolor Info: Model `RGB' extended on input line 1365.
Package xcolor Info: Model `HTML' substituted by `rgb' on input line 1367.
Package xcolor Info: Model `Hsb' substituted by `hsb' on input line 1368.
Package xcolor Info: Model `tHsb' substituted by `hsb' on input line 1369.
Package xcolor Info: Model `HSB' substituted by `hsb' on input line 1370.
Package xcolor Info: Model `Gray' substituted by `gray' on input line 1371.
Package xcolor Info: Model `wave' substituted by `hsb' on input line 1372.
))
\AM@pagewidth=\dimen198
\AM@pageheight=\dimen199
\AM@fboxrule=\dimen256

(/home/carlos/texlive/2025/texmf-dist/tex/latex/pdfpages/pppdftex.def
File: pppdftex.def 2025/07/23 v0.6g Pdfpages driver for pdfTeX (AM)
)
\pdfpages@includegraphics@status=\count335
\AM@pagebox=\box64
\AM@global@opts=\toks37
\AM@pagecnt=\count336
\AM@toc@title=\toks38
\AM@lof@heading=\toks39
\c@AM@survey=\count337
\AM@templatesizebox=\box65
)
(/home/carlos/texlive/2025/texmf-dist/tex/latex/emptypage/emptypage.sty
Package: emptypage 2010/05/30 v1.2 Suppress page numbers and headings on empty 
pages
)
(/home/carlos/texlive/2025/texmf-dist/tex/latex/titlesec/titlesec.sty
Package: titlesec 2025/01/04 v2.17 Sectioning titles
\ttl@box=\box66
\beforetitleunit=\skip84
\aftertitleunit=\skip85
\ttl@plus=\dimen257
\ttl@minus=\dimen258
\ttl@toksa=\toks40
\titlewidth=\dimen259
\titlewidthlast=\dimen260
\titlewidthfirst=\dimen261
))
LaTeX Font Info:    Trying to load font information for OT1+phv on input line 7
3.

(/home/carlos/texlive/2025/texmf-dist/tex/latex/psnfss/ot1phv.fd
File: ot1phv.fd 2020/03/25 scalable font definitions for OT1/phv.
)
(/home/carlos/texlive/2025/texmf-dist/tex/latex/l3backend/l3backend-pdftex.def
File: l3backend-pdftex.def 2025-06-09 L3 backend support: PDF output (pdfTeX)
\l__color_backend_stack_int=\count338
) (./Thesis.aux

LaTeX Warning: Label `section:overview' multiply defined.

)
\openout1 = `Thesis.aux'.

LaTeX Font Info:    Checking defaults for OML/cmm/m/it on input line 73.
LaTeX Font Info:    ... okay on input line 73.
LaTeX Font Info:    Checking defaults for OMS/cmsy/m/n on input line 73.
LaTeX Font Info:    ... okay on input line 73.
LaTeX Font Info:    Checking defaults for OT1/cmr/m/n on input line 73.
LaTeX Font Info:    ... okay on input line 73.
LaTeX Font Info:    Checking defaults for T1/cmr/m/n on input line 73.
LaTeX Font Info:    ... okay on input line 73.
LaTeX Font Info:    Checking defaults for TS1/cmr/m/n on input line 73.
LaTeX Font Info:    ... okay on input line 73.
LaTeX Font Info:    Checking defaults for OMX/cmex/m/n on input line 73.
LaTeX Font Info:    ... okay on input line 73.
LaTeX Font Info:    Checking defaults for U/cmr/m/n on input line 73.
LaTeX Font Info:    ... okay on input line 73.
LaTeX Font Info:    Checking defaults for PD1/pdf/m/n on input line 73.
LaTeX Font Info:    ... okay on input line 73.
LaTeX Font Info:    Checking defaults for PU/pdf/m/n on input line 73.
LaTeX Font Info:    ... okay on input line 73.

*geometry* driver: auto-detecting
*geometry* detected driver: pdftex

Package geometry Warning: The marginal notes overrun the paper.
     Add 9.64174pt and more to the right margin.

*geometry* verbose mode - [ preamble ] result:
* driver: pdftex
* paper: a4paper
* layout: <same size as paper>
* layoutoffset:(h,v)=(0.0pt,0.0pt)
* modes: twoside 
* h-part:(L,W,R)=(85.35826pt, 426.79135pt, 85.35826pt)
* v-part:(T,H,B)=(85.35826pt, 674.33032pt, 85.35826pt)
* \paperwidth=597.50787pt
* \paperheight=845.04684pt
* \textwidth=426.79135pt
* \textheight=674.33032pt
* \oddsidemargin=13.08827pt
* \evensidemargin=13.08827pt
* \topmargin=-23.91173pt
* \headheight=12.0pt
* \headsep=25.0pt
* \topskip=12.0pt
* \footskip=30.0pt
* \marginparwidth=85.0pt
* \marginparsep=10.0pt
* \columnsep=10.0pt
* \skip\footins=10.8pt plus 4.0pt minus 2.0pt
* \hoffset=0.0pt
* \voffset=0.0pt
* \mag=1000
* \@twocolumnfalse
* \@twosidetrue
* \@mparswitchtrue
* \@reversemarginfalse
* (1in=72.27pt=25.4mm, 1cm=28.453pt)

(/home/carlos/texlive/2025/texmf-dist/tex/context/base/mkii/supp-pdf.mkii
[Loading MPS to PDF converter (version 2006.09.02).]
\scratchcounter=\count339
\scratchdimen=\dimen262
\scratchbox=\box67
\nofMPsegments=\count340
\nofMParguments=\count341
\everyMPshowfont=\toks41
\MPscratchCnt=\count342
\MPscratchDim=\dimen263
\MPnumerator=\count343
\makeMPintoPDFobject=\count344
\everyMPtoPDFconversion=\toks42
)
(/home/carlos/texlive/2025/texmf-dist/tex/latex/epstopdf-pkg/epstopdf-base.sty
Package: epstopdf-base 2020-01-24 v2.11 Base part for package epstopdf
Package epstopdf-base Info: Redefining graphics rule for `.eps' on input line 4
85.

(/home/carlos/texlive/2025/texmf-dist/tex/latex/latexconfig/epstopdf-sys.cfg
File: epstopdf-sys.cfg 2010/07/13 v1.3 Configuration of (r)epstopdf for TeX Liv
e
))
Package hyperref Info: Link coloring ON on input line 73.

(./Thesis.out) (./Thesis.out)
\@outlinefile=\write6
\openout6 = `Thesis.out'.


(/home/carlos/texlive/2025/texmf-dist/tex/latex/pdflscape/pdflscape.sty
Package: pdflscape 2025-06-23 v0.14 Display of landscape pages in PDF

(/home/carlos/texlive/2025/texmf-dist/tex/latex/pdflscape/pdflscape-nometadata.
sty
Package: pdflscape-nometadata 2025-06-23 v0.14 Display of landscape pages in PD
F (HO)
 (/home/carlos/texlive/2025/texmf-dist/tex/latex/graphics/lscape.sty
Package: lscape 2020/05/28 v3.02 Landscape Pages (DPC)
)
Package pdflscape Info: Auto-detected driver: pdftex on input line 81.
))
(./FrontCover/Thesis_FrontCover.tex
<../Figures/teseue-logo.pdf, id=146, 360.34625pt x 161.10187pt>
File: ../Figures/teseue-logo.pdf Graphic file (type pdf)
<use ../Figures/teseue-logo.pdf>
Package pdftex.def Info: ../Figures/teseue-logo.pdf  used on input line 15.
(pdftex.def)             Requested size: 180.17268pt x 80.55074pt.
<../Figures/Airbus_A350.jpg, id=147, 1027.84pt x 770.88pt>
File: ../Figures/Airbus_A350.jpg Graphic file (type jpg)
<use ../Figures/Airbus_A350.jpg>
Package pdftex.def Info: ../Figures/Airbus_A350.jpg  used on input line 24.
(pdftex.def)             Requested size: 189.67691pt x 142.26378pt.
LaTeX Font Info:    Trying to load font information for U+msa on input line 40.


(/home/carlos/texlive/2025/texmf-dist/tex/latex/amsfonts/umsa.fd
File: umsa.fd 2013/01/14 v3.01 AMS symbols A
)
LaTeX Font Info:    Trying to load font information for U+msb on input line 40.


(/home/carlos/texlive/2025/texmf-dist/tex/latex/amsfonts/umsb.fd
File: umsb.fd 2013/01/14 v3.01 AMS symbols B
)

[1

\openout4 = `Thesis.ist'.

{/home/carlos/texlive/2025/texmf-var/fonts/map/pdftex/updmap/pdftex.map}{/home/
carlos/texlive/2025/texmf-dist/fonts/enc/dvips/base/8r.enc} <../Figures/teseue-
logo.pdf> <../Figures/Airbus_A350.jpg>])

[2] (./Dedication/Thesis_Dedication.tex

[3

])

[4

] (./Acknowledgements/Thesis_Acknowledgements.tex)

[5]

[6

] (./Resumo/Thesis_Resumo.tex)

[7]

[8

] (./Abstract/Thesis_Abstract.tex)

[9]

[10

] (./Thesis.toc

[11

])
\tf@toc=\write7
\openout7 = `Thesis.toc'.



[12] (./Thesis.lot)
\tf@lot=\write8
\openout8 = `Thesis.lot'.



[13


]

[14

] (./Thesis.lof)
\tf@lof=\write9
\openout9 = `Thesis.lof'.



[15

]

[16

] (./Acronyms/Thesis_Acronyms.tex)

[17

]

[18

] (./Nomenclature/Thesis_Nomenclature.tex) (./Thesis.nls

[19

])

[20] (./Glossary/Thesis_Glossary.tex) (./Thesis.gls
Underfull \hbox (badness 1394) in paragraph at lines 7--10
[]|\OT1/phv/m/n/12 Computational Struc-tural Me-chan-ics is a
 []


Underfull \hbox (badness 1735) in paragraph at lines 11--14
[]|\OT1/phv/m/n/12 Multi-Disciplinar Op-ti-miza-tion is an en-gi-
 []


Underfull \hbox (badness 1365) in paragraph at lines 11--14
\OT1/phv/m/n/12 neer-ing tech-nique that uses op-ti-miza-tion
 []

)

[21


]

[22

] (./Introduction/Thesis_Introduction.tex
Chapter 1.

Underfull \vbox (badness 1867) has occurred while \output is active []



[1

])

[2] (./Background/Thesis_Background.tex
Chapter 2.

Underfull \vbox (badness 1867) has occurred while \output is active []



[3


]
LaTeX Font Info:    Trying to load font information for TS1+phv on input line 3
4.
 (/home/carlos/texlive/2025/texmf-dist/tex/latex/psnfss/ts1phv.fd
File: ts1phv.fd 2020/03/25 scalable font definitions for TS1/phv.
)
Underfull \hbox (badness 10000) in paragraph at lines 46--47

 []

LaTeX Font Info:    Trying to load font information for OMS+cmtt on input line 
49.
LaTeX Font Info:    No file OMScmtt.fd. on input line 49.

LaTeX Font Warning: Font shape `OMS/cmtt/m/n' undefined
(Font)              using `OMS/cmsy/m/n' instead
(Font)              for symbol `textbackslash' on input line 49.

)

[4]

[5]

[6

] (./Implementation/Thesis_Implementation.tex
Chapter 3.
)

[7

]

[8] (./Results/Thesis_Results.tex
Chapter 4.

Underfull \vbox (badness 1867) has occurred while \output is active []



[9


]
File: ../Figures/Airbus_A350.jpg Graphic file (type jpg)
<use ../Figures/Airbus_A350.jpg>
Package pdftex.def Info: ../Figures/Airbus_A350.jpg  used on input line 53.
(pdftex.def)             Requested size: 106.69783pt x 80.02141pt.
<../Figures/Bombardier_CRJ200.png, id=366, 803.0pt x 602.25pt>
File: ../Figures/Bombardier_CRJ200.png Graphic file (type png)
<use ../Figures/Bombardier_CRJ200.png>
Package pdftex.def Info: ../Figures/Bombardier_CRJ200.png  used on input line 6
0.
(pdftex.def)             Requested size: 426.79135pt x 320.10074pt.
File: ../Figures/Bombardier_CRJ200.png Graphic file (type png)
<use ../Figures/Bombardier_CRJ200.png>
Package pdftex.def Info: ../Figures/Bombardier_CRJ200.png  used on input line 6
1.
(pdftex.def)             Requested size: 209.1301pt x 156.8478pt.
LaTeX Font Info:    Font shape `OT1/phv/m/it' in size <12> not available
(Font)              Font shape `OT1/phv/m/sl' tried instead on input line 69.

Overfull \hbox (54.12527pt too wide) in paragraph at lines 69--70
[]\OT1/phv/m/n/12 By de-fault, the sup-ported file types are \OT1/phv/m/sl/12 .
png,.pdf,.jpg,.mps,.jpeg,.PNG,.PDF,.JPG,.JPEG\OT1/phv/m/n/12 . 
 []


Overfull \hbox (1.91321pt too wide) in paragraph at lines 71--72
[]\OT1/phv/m/n/12 See [][]$\OT1/cmtt/m/n/12 http : / / mactex-[]wiki . tug . or
g / wiki / index . php / Graphics _ inclusion$[][] \OT1/phv/m/n/12 for
 []



[10]

[11 <../Figures/Bombardier_CRJ200.png>]

[12]
File: ../Figures/Bombardier_CRJ200.png Graphic file (type png)
<use ../Figures/Bombardier_CRJ200.png>
Package pdftex.def Info: ../Figures/Bombardier_CRJ200.png  used on input line 2
94.
(pdftex.def)             Requested size: 256.07741pt x 192.06229pt.
)

[13]

[14] (./Conclusions/Thesis_Conclusions.tex
Chapter 5.
)
Underfull \vbox (badness 1867) has occurred while \output is active []



[15


]

[16] (./Thesis.bbl)

[17


]

[18

] (./Appendix_A/Thesis_Appendix_A.tex
Appendix A.

Underfull \vbox (badness 10000) has occurred while \output is active []



[19

])

[20] (./Appendix_B/Thesis_Appendix_B.tex
Appendix B.
<../Figures/SolarCell_Sunpower_C60.pdf, id=448, 597.50829pt x 845.0471pt>
File: ../Figures/SolarCell_Sunpower_C60.pdf Graphic file (type pdf)
<use ../Figures/SolarCell_Sunpower_C60.pdf>
Package pdftex.def Info: ../Figures/SolarCell_Sunpower_C60.pdf  used on input l
ine 22.
(pdftex.def)             Requested size: 597.50682pt x 845.04504pt.
<../Figures/SolarCell_Sunpower_C60.pdf, id=450, page=1, 597.50829pt x 845.0471p
t>
File: ../Figures/SolarCell_Sunpower_C60.pdf Graphic file (type pdf)
<use ../Figures/SolarCell_Sunpower_C60.pdf, page 1>
Package pdftex.def Info: ../Figures/SolarCell_Sunpower_C60.pdf , page1 used on 
input line 22.
(pdftex.def)             Requested size: 597.50682pt x 845.04504pt.
File: ../Figures/SolarCell_Sunpower_C60.pdf Graphic file (type pdf)
<use ../Figures/SolarCell_Sunpower_C60.pdf, page 1>
Package pdftex.def Info: ../Figures/SolarCell_Sunpower_C60.pdf , page1 used on 
input line 22.
(pdftex.def)             Requested size: 211.24623pt x 298.7624pt.


[21


]
File: ../Figures/SolarCell_Sunpower_C60.pdf Graphic file (type pdf)
<use ../Figures/SolarCell_Sunpower_C60.pdf, page 1>
Package pdftex.def Info: ../Figures/SolarCell_Sunpower_C60.pdf , page1 used on 
input line 22.
(pdftex.def)             Requested size: 211.24623pt x 298.7624pt.
File: ../Figures/SolarCell_Sunpower_C60.pdf Graphic file (type pdf)
<use ../Figures/SolarCell_Sunpower_C60.pdf, page 1>
Package pdftex.def Info: ../Figures/SolarCell_Sunpower_C60.pdf , page1 used on 
input line 22.
(pdftex.def)             Requested size: 211.24623pt x 298.7624pt.
<../Figures/SolarCell_Sunpower_C60.pdf, id=456, page=2, 597.50829pt x 845.0471p
t>
File: ../Figures/SolarCell_Sunpower_C60.pdf Graphic file (type pdf)
<use ../Figures/SolarCell_Sunpower_C60.pdf, page 2>
Package pdftex.def Info: ../Figures/SolarCell_Sunpower_C60.pdf , page2 used on 
input line 22.
(pdftex.def)             Requested size: 211.24623pt x 298.7624pt.
File: ../Figures/SolarCell_Sunpower_C60.pdf Graphic file (type pdf)
<use ../Figures/SolarCell_Sunpower_C60.pdf, page 2>
Package pdftex.def Info: ../Figures/SolarCell_Sunpower_C60.pdf , page2 used on 
input line 22.
(pdftex.def)             Requested size: 211.24623pt x 298.7624pt.


File: ../Figures/SolarCell_Sunpower_C60.pdf Graphic file (type pdf)
<use ../Figures/SolarCell_Sunpower_C60.pdf, page 1>
Package pdftex.def Info: ../Figures/SolarCell_Sunpower_C60.pdf , page1 used on 
input line 22.
(pdftex.def)             Requested size: 211.24623pt x 298.7624pt.
File: ../Figures/SolarCell_Sunpower_C60.pdf Graphic file (type pdf)
<use ../Figures/SolarCell_Sunpower_C60.pdf, page 2>
Package pdftex.def Info: ../Figures/SolarCell_Sunpower_C60.pdf , page2 used on 
input line 22.
(pdftex.def)             Requested size: 211.24623pt x 298.7624pt.
[22

 <../Figures/SolarCell_Sunpower_C60.pdf> <../Figures/SolarCell_Sunpower_C60.pdf
>]) (./Thesis.aux)
 ***********
LaTeX2e <2025-06-01> patch level 1
L3 programming layer <2025-08-13>
 ***********


LaTeX Font Warning: Some font shapes were not available, defaults substituted.


LaTeX Warning: There were multiply-defined labels.

Package rerunfilecheck Info: File `Thesis.out' has not changed.
(rerunfilecheck)             Checksum: F2F481578729D34C69F5B425EACA2ED1;4907.
 ) 
Here is how much of TeX's memory you used:
 15784 strings out of 467800
 257076 string characters out of 5430847
 748919 words of memory out of 5000000
 43958 multiletter control sequences out of 15000+600000
 657005 words of font info for 100 fonts, out of 8000000 for 9000
 1141 hyphenation exceptions out of 8191
 115i,17n,110p,539b,655s stack positions out of 10000i,1000n,20000p,200000b,200000s
</home/carlos/texlive/2025/texmf-dist/fonts/type1/public/amsfonts/cm/cmbx12.p
fb></home/carlos/texlive/2025/texmf-dist/fonts/type1/public/amsfonts/cm/cmbx8.p
fb></home/carlos/texlive/2025/texmf-dist/fonts/type1/public/amsfonts/cm/cmmi12.
pfb></home/carlos/texlive/2025/texmf-dist/fonts/type1/public/amsfonts/cm/cmmi8.
pfb></home/carlos/texlive/2025/texmf-dist/fonts/type1/public/amsfonts/cm/cmr12.
pfb></home/carlos/texlive/2025/texmf-dist/fonts/type1/public/amsfonts/cm/cmr6.p
fb></home/carlos/texlive/2025/texmf-dist/fonts/type1/public/amsfonts/cm/cmr8.pf
b></home/carlos/texlive/2025/texmf-dist/fonts/type1/public/amsfonts/cm/cmsy10.p
fb></home/carlos/texlive/2025/texmf-dist/fonts/type1/public/amsfonts/cm/cmsy8.p
fb></home/carlos/texlive/2025/texmf-dist/fonts/type1/public/amsfonts/cm/cmtt12.
pfb></home/carlos/texlive/2025/texmf-dist/fonts/type1/public/amsfonts/latxfont/
lcircle1.pfb></home/carlos/texlive/2025/texmf-dist/fonts/type1/public/amsfonts/
latxfont/line10.pfb></home/carlos/texlive/2025/texmf-dist/fonts/type1/urw/helve
tic/uhvb8a.pfb></home/carlos/texlive/2025/texmf-dist/fonts/type1/urw/helvetic/u
hvr8a.pfb></home/carlos/texlive/2025/texmf-dist/fonts/type1/urw/helvetic/uhvro8
a.pfb>
Output written on Thesis.pdf (44 pages, 1993621 bytes).
PDF statistics:
 591 PDF objects out of 1000 (max. 8388607)
 480 compressed objects within 5 object streams
 108 named destinations out of 1000 (max. 500000)
 324 words of extra memory for PDF output out of 10000 (max. 10000000)

