\BOOKMARK [1][-]{Doc-Start}{\376\377\000A\000g\000r\000a\000d\000e\000c\000i\000m\000e\000n\000t\000o\000s}{}% 1
\BOOKMARK [1][-]{Doc-Start}{\376\377\000R\000e\000s\000u\000m\000o}{}% 2
\BOOKMARK [1][-]{Doc-Start}{\376\377\000A\000b\000s\000t\000r\000a\000c\000t}{}% 3
\BOOKMARK [1][-]{section*.2}{\376\377\000L\000i\000s\000t\000a\000\040\000d\000e\000\040\000T\000a\000b\000e\000l\000a\000s}{}% 4
\BOOKMARK [1][-]{section*.4}{\376\377\000L\000i\000s\000t\000a\000\040\000d\000e\000\040\000F\000i\000g\000u\000r\000a\000s}{}% 5
\BOOKMARK [0][-]{chapter*.6}{\376\377\000L\000i\000s\000t\000\040\000o\000f\000\040\000A\000c\000r\000o\000n\000y\000m\000s}{}% 6
\BOOKMARK [1][-]{section*.7}{\376\377\000L\000i\000s\000t\000a\000\040\000d\000e\000\040\000S\000\355\000m\000b\000o\000l\000o\000s}{chapter*.6}% 7
\BOOKMARK [1][-]{section*.9}{\376\377\000G\000l\000o\000s\000s\000\341\000r\000i\000o}{chapter*.6}% 8
\BOOKMARK [0][-]{chapter.1}{\376\377\0001\000\040\000I\000n\000t\000r\000o\000d\000u\000c\000t\000i\000o\000n}{}% 9
\BOOKMARK [0][-]{chapter.2}{\376\377\0002\000\040\000C\000a\000s\000u\000\355\000s\000t\000i\000c\000a}{}% 10
\BOOKMARK [1][-]{section.2.1}{\376\377\0002\000.\0001\000\040\000D\000e\000s\000c\000r\000i\000\347\000\343\000o\000\040\000d\000o\000\040\000l\000o\000c\000a\000l\000\040\000d\000e\000\040\000e\000s\000t\000\341\000g\000i\000o}{chapter.2}% 11
\BOOKMARK [1][-]{section.2.2}{\376\377\0002\000.\0002\000\040\000A\000n\000\341\000l\000i\000s\000e\000\040\000d\000e\000\040\000C\000a\000s\000u\000\355\000s\000t\000i\000c\000a}{chapter.2}% 12
\BOOKMARK [1][-]{section.2.3}{\376\377\0002\000.\0003\000\040\000D\000i\000s\000t\000r\000i\000b\000u\000i\000\347\000\343\000o\000\040\000d\000a\000\040\000C\000a\000s\000u\000\355\000s\000t\000i\000c\000a\000\040\000p\000o\000r\000\040\000e\000s\000p\000\351\000c\000i\000e\000\040\000a\000n\000i\000m\000a\000l}{chapter.2}% 13
\BOOKMARK [1][-]{section.2.4}{\376\377\0002\000.\0004\000\040\000D\000i\000s\000t\000r\000i\000b\000u\000i\000\347\000\343\000o\000\040\000d\000a\000\040\000C\000a\000s\000u\000\355\000s\000t\000i\000c\000a\000\040\000p\000o\000r\000\040\000\341\000r\000e\000a\000\040\000c\000l\000\355\000n\000i\000c\000a}{chapter.2}% 14
\BOOKMARK [2][-]{subsection.2.4.1}{\376\377\0002\000.\0004\000.\0001\000\040\000M\000e\000d\000i\000c\000i\000n\000a\000\040\000P\000r\000e\000v\000e\000n\000t\000i\000v\000a}{section.2.4}% 15
\BOOKMARK [2][-]{subsection.2.4.2}{\376\377\0002\000.\0004\000.\0002\000\040\000C\000l\000\355\000n\000i\000c\000a\000\040\000M\000\351\000d\000i\000c\000a}{section.2.4}% 16
\BOOKMARK [2][-]{subsection.2.4.3}{\376\377\0002\000.\0004\000.\0003\000\040\000C\000l\000\355\000n\000i\000c\000a\000\040\000C\000i\000r\000\372\000r\000g\000i\000c\000a}{section.2.4}% 17
\BOOKMARK [2][-]{subsection.2.4.4}{\376\377\0002\000.\0004\000.\0004\000\040\000P\000r\000o\000c\000e\000d\000i\000m\000e\000n\000t\000o\000s\000\040\000M\000\351\000d\000i\000c\000o\000s}{section.2.4}% 18
\BOOKMARK [2][-]{subsection.2.4.5}{\376\377\0002\000.\0004\000.\0005\000\040\000E\000x\000a\000m\000e\000s\000\040\000C\000o\000m\000p\000l\000e\000m\000e\000n\000t\000a\000r\000e\000s\000\040\000d\000e\000\040\000D\000i\000a\000g\000n\000\363\000s\000t\000i\000c\000o}{section.2.4}% 19
\BOOKMARK [0][-]{chapter.3}{\376\377\0003\000\040\000M\000o\000n\000o\000g\000r\000a\000f\000i\000a\000:\000S\000i\000a\000l\000o\000a\000d\000e\000n\000o\000s\000e\000\040\000r\000e\000s\000p\000o\000n\000s\000i\000v\000a\000\040\000a\000\040\000f\000e\000n\000o\000b\000a\000r\000b\000i\000t\000a\000l}{}% 20
\BOOKMARK [1][-]{section.3.1}{\376\377\0003\000.\0001\000\040\000I\000n\000t\000r\000o\000d\000u\000\347\000\343\000o\000\040\000a\000o\000\040\000t\000e\000m\000a}{chapter.3}% 21
\BOOKMARK [1][-]{section.3.2}{\376\377\0003\000.\0002\000\040\000G\000l\000\342\000n\000d\000u\000l\000a\000s\000\040\000s\000a\000l\000i\000v\000a\000r\000e\000s}{chapter.3}% 22
\BOOKMARK [2][-]{subsection.3.2.1}{\376\377\0003\000.\0002\000.\0001\000\040\000A\000n\000a\000t\000o\000m\000i\000a\000\040\000e\000\040\000F\000i\000s\000i\000o\000l\000o\000g\000i\000a\000\040\000d\000a\000s\000\040\000g\000l\000\342\000n\000d\000u\000l\000a\000s\000\040\000s\000a\000l\000i\000v\000a\000r\000e\000s}{section.3.2}% 23
\BOOKMARK [2][-]{subsection.3.2.2}{\376\377\0003\000.\0002\000.\0002\000\040\000F\000u\000n\000\347\000\343\000o\000\040\000d\000a\000\040\000s\000a\000l\000i\000v\000a}{section.3.2}% 24
\BOOKMARK [2][-]{subsection.3.2.3}{\376\377\0003\000.\0002\000.\0003\000\040\000S\000i\000a\000l\000o\000a\000d\000e\000n\000o\000s\000e\000\040\000e\000m\000\040\000c\000\343\000e\000s}{section.3.2}% 25
\BOOKMARK [0][-]{chapter.4}{\376\377\0004\000\040\000R\000e\000s\000u\000l\000t\000s}{}% 26
\BOOKMARK [1][-]{section.4.1}{\376\377\0004\000.\0001\000\040\000P\000r\000o\000b\000l\000e\000m\000\040\000D\000e\000s\000c\000r\000i\000p\000t\000i\000o\000n}{chapter.4}% 27
\BOOKMARK [1][-]{section.4.2}{\376\377\0004\000.\0002\000\040\000B\000a\000s\000e\000l\000i\000n\000e\000\040\000S\000o\000l\000u\000t\000i\000o\000n}{chapter.4}% 28
\BOOKMARK [1][-]{section.4.3}{\376\377\0004\000.\0003\000\040\000E\000n\000h\000a\000n\000c\000e\000d\000\040\000S\000o\000l\000u\000t\000i\000o\000n}{chapter.4}% 29
\BOOKMARK [2][-]{subsection.4.3.1}{\376\377\0004\000.\0003\000.\0001\000\040\000F\000i\000g\000u\000r\000e\000s}{section.4.3}% 30
\BOOKMARK [2][-]{subsection.4.3.2}{\376\377\0004\000.\0003\000.\0002\000\040\000E\000q\000u\000a\000t\000i\000o\000n\000s}{section.4.3}% 31
\BOOKMARK [2][-]{subsection.4.3.3}{\376\377\0004\000.\0003\000.\0003\000\040\000T\000a\000b\000l\000e\000s}{section.4.3}% 32
\BOOKMARK [2][-]{subsection.4.3.4}{\376\377\0004\000.\0003\000.\0004\000\040\000M\000i\000x\000i\000n\000g}{section.4.3}% 33
\BOOKMARK [0][-]{chapter.5}{\376\377\0005\000\040\000C\000o\000n\000c\000l\000u\000s\000i\000o\000n\000s}{}% 34
\BOOKMARK [1][-]{section.5.1}{\376\377\0005\000.\0001\000\040\000A\000c\000h\000i\000e\000v\000e\000m\000e\000n\000t\000s}{chapter.5}% 35
\BOOKMARK [1][-]{section.5.2}{\376\377\0005\000.\0002\000\040\000F\000u\000t\000u\000r\000e\000\040\000W\000o\000r\000k}{chapter.5}% 36
\BOOKMARK [0][-]{section*.11}{\376\377\000B\000i\000b\000l\000i\000o\000g\000r\000a\000f\000i\000a}{}% 37
\BOOKMARK [0][-]{appendix.A}{\376\377\000A\000\040\000V\000e\000c\000t\000o\000r\000\040\000c\000a\000l\000c\000u\000l\000u\000s}{}% 38
\BOOKMARK [1][-]{section.A.1}{\376\377\000A\000.\0001\000\040\000V\000e\000c\000t\000o\000r\000\040\000i\000d\000e\000n\000t\000i\000t\000i\000e\000s}{appendix.A}% 39
\BOOKMARK [1][-]{section.A.2}{\376\377\000A\000.\0002\000\040\000T\000h\000e\000o\000r\000e\000t\000i\000c\000a\000l\000\040\000O\000v\000e\000r\000v\000i\000e\000w}{appendix.A}% 40
\BOOKMARK [1][-]{section.A.3}{\376\377\000A\000.\0003\000\040\000T\000h\000e\000o\000r\000e\000t\000i\000c\000a\000l\000\040\000M\000o\000d\000e\000l\000\040\0001}{appendix.A}% 41
\BOOKMARK [1][-]{section.A.4}{\376\377\000A\000.\0004\000\040\000T\000h\000e\000o\000r\000e\000t\000i\000c\000a\000l\000\040\000M\000o\000d\000e\000l\000\040\0002}{appendix.A}% 42
\BOOKMARK [0][-]{appendix.B}{\376\377\000B\000\040\000T\000e\000c\000h\000n\000i\000c\000a\000l\000\040\000D\000a\000t\000a\000s\000h\000e\000e\000t\000s}{}% 43
\BOOKMARK [1][-]{section.B.1}{\376\377\000B\000.\0001\000\040\000S\000o\000m\000e\000\040\000D\000a\000t\000a\000s\000h\000e\000e\000t}{appendix.B}% 44
